--CREATED BY  Rajat Shrestha  17030954

Connected to: Oracle Database 11g Express Edition Release 11.2.0.2.0 - 64bit Production
Export done in WE8MSWIN1252 character set and AL16UTF16 NCHAR character set
server uses AL32UTF8 character set (possible charset conversion)
. exporting pre-schema procedural objects and actions
. exporting foreign function library names for user SHRESTHARAJAT 
. exporting PUBLIC type synonyms
. exporting private type synonyms
. exporting object type definitions for user SHRESTHARAJAT 
About to export SHRESTHARAJAT's objects ...
. exporting database links
. exporting sequence numbers
. exporting cluster definitions
. about to export SHRESTHARAJAT's tables via Conventional Path ...
. . exporting table                  ACCOMMODATION          4 rows exported
. . exporting table                        ADDRESS          6 rows exported
. . exporting table                        BOOKING          9 rows exported
. . exporting table                       CUSTOMER          6 rows exported
. . exporting table                       EMPLOYEE          4 rows exported
. . exporting table                       LOCATION          4 rows exported
. . exporting table                          MOVIE          3 rows exported
. . exporting table                         PERSON          6 rows exported
. . exporting table                           SHOW          4 rows exported
. exporting synonyms
. exporting views
. exporting stored procedures
. exporting operators
. exporting referential integrity constraints
. exporting triggers
. exporting indextypes
. exporting bitmap, functional and extensible indexes
. exporting posttables actions
. exporting materialized views
. exporting snapshot logs
. exporting job queues
. exporting refresh groups and children
. exporting dimensions
. exporting post-schema procedural objects and actions
. exporting statistics
Export terminated successfully without warnings.
